<?xml version="1.0" encoding="UTF-8"?>
<testsuite xmlns:xsi="http://www.w3.org/2001/XMLSchema-instance" xsi:noNamespaceSchemaLocation="https://maven.apache.org/surefire/maven-surefire-plugin/xsd/surefire-test-report.xsd" name="sql.AppTest" time="0.13" tests="1" errors="0" skipped="0" failures="0">
  <properties>
    <property name="java.specification.version" value="13"/>
    <property name="sun.cpu.isalist" value="amd64"/>
    <property name="sun.jnu.encoding" value="Cp1252"/>
    <property name="java.class.path" value="w:\nielsb-work\GitHub-Repos\gh-nielsberglund\nielsberglund.com\_code\sql_2k19_java_output_params\java\sql3\sql\target\test-classes;w:\nielsb-work\GitHub-Repos\gh-nielsberglund\nielsberglund.com\_code\sql_2k19_java_output_params\java\sql3\sql\target\classes;C:\Users\niels\.m2\repository\nielsb\mssql-java-lang-extension\1.0\mssql-java-lang-extension-1.0.jar;C:\Users\niels\.m2\repository\junit\junit\4.11\junit-4.11.jar;C:\Users\niels\.m2\repository\org\hamcrest\hamcrest-core\1.3\hamcrest-core-1.3.jar;"/>
    <property name="java.vm.vendor" value="Oracle Corporation"/>
    <property name="sun.arch.data.model" value="64"/>
    <property name="user.variant" value=""/>
    <property name="java.vendor.url" value="https://java.oracle.com/"/>
    <property name="user.timezone" value="Africa/Johannesburg"/>
    <property name="os.name" value="Windows 10"/>
    <property name="java.vm.specification.version" value="13"/>
    <property name="sun.java.launcher" value="SUN_STANDARD"/>
    <property name="user.country" value="US"/>
    <property name="sun.boot.library.path" value="C:\Program Files\OpenJDK\jdk-13\bin"/>
    <property name="sun.java.command" value="C:\Users\niels\AppData\Local\Temp\surefire3403140202485700742\surefirebooter7929247597644446810.jar C:\Users\niels\AppData\Local\Temp\surefire3403140202485700742 2019-10-22T06-39-43_951-jvmRun1 surefire5562914938600131133tmp surefire_03511259743327417229tmp"/>
    <property name="jdk.debug" value="release"/>
    <property name="surefire.test.class.path" value="w:\nielsb-work\GitHub-Repos\gh-nielsberglund\nielsberglund.com\_code\sql_2k19_java_output_params\java\sql3\sql\target\test-classes;w:\nielsb-work\GitHub-Repos\gh-nielsberglund\nielsberglund.com\_code\sql_2k19_java_output_params\java\sql3\sql\target\classes;C:\Users\niels\.m2\repository\nielsb\mssql-java-lang-extension\1.0\mssql-java-lang-extension-1.0.jar;C:\Users\niels\.m2\repository\junit\junit\4.11\junit-4.11.jar;C:\Users\niels\.m2\repository\org\hamcrest\hamcrest-core\1.3\hamcrest-core-1.3.jar;"/>
    <property name="sun.cpu.endian" value="little"/>
    <property name="user.home" value="C:\Users\niels"/>
    <property name="user.language" value="en"/>
    <property name="java.specification.vendor" value="Oracle Corporation"/>
    <property name="java.version.date" value="2019-09-17"/>
    <property name="java.home" value="C:\Program Files\OpenJDK\jdk-13"/>
    <property name="file.separator" value="\"/>
    <property name="basedir" value="w:\nielsb-work\GitHub-Repos\gh-nielsberglund\nielsberglund.com\_code\sql_2k19_java_output_params\java\sql3\sql"/>
    <property name="java.vm.compressedOopsMode" value="Zero based"/>
    <property name="line.separator" value="&#10;"/>
    <property name="java.vm.specification.vendor" value="Oracle Corporation"/>
    <property name="java.specification.name" value="Java Platform API Specification"/>
    <property name="surefire.real.class.path" value="C:\Users\niels\AppData\Local\Temp\surefire3403140202485700742\surefirebooter7929247597644446810.jar"/>
    <property name="user.script" value=""/>
    <property name="sun.management.compiler" value="HotSpot 64-Bit Tiered Compilers"/>
    <property name="java.runtime.version" value="13+33"/>
    <property name="user.name" value="niels"/>
    <property name="path.separator" value=";"/>
    <property name="os.version" value="10.0"/>
    <property name="java.runtime.name" value="OpenJDK Runtime Environment"/>
    <property name="file.encoding" value="Cp1252"/>
    <property name="java.vm.name" value="OpenJDK 64-Bit Server VM"/>
    <property name="localRepository" value="C:\Users\niels\.m2\repository"/>
    <property name="java.vendor.url.bug" value="https://bugreport.java.com/bugreport/"/>
    <property name="java.io.tmpdir" value="C:\Users\niels\AppData\Local\Temp\"/>
    <property name="java.version" value="13"/>
    <property name="user.dir" value="w:\nielsb-work\GitHub-Repos\gh-nielsberglund\nielsberglund.com\_code\sql_2k19_java_output_params\java\sql3\sql"/>
    <property name="os.arch" value="amd64"/>
    <property name="java.vm.specification.name" value="Java Virtual Machine Specification"/>
    <property name="sun.os.patch.level" value=""/>
    <property name="java.library.path" value="C:\Program Files\OpenJDK\jdk-13\bin;C:\WINDOWS\Sun\Java\bin;C:\WINDOWS\system32;C:\WINDOWS;C:\Program Files\Microsoft MPI\Bin\;C:\Python37\Scripts\;C:\Python37\;C:\Program Files (x86)\Microsoft SDKs\Azure\CLI2\wbin;C:\WINDOWS\system32;C:\WINDOWS;C:\WINDOWS\System32\Wbem;C:\WINDOWS\System32\WindowsPowerShell\v1.0\;C:\WINDOWS\System32\OpenSSH\;C:\ProgramData\chocolatey\bin;C:\Program Files\Git\cmd;C:\Program Files\TortoiseSVN\bin;C:\ProgramData\chocolatey\lib\maven\apache-maven-3.6.1\bin;C:\Program Files\Microsoft VS Code\bin;C:\Program Files\OpenJDK\jdk-13\bin;C:\Program Files\dotnet\;C:\Program Files\Microsoft SQL Server\130\Tools\Binn\;C:\Program Files\Microsoft SQL Server\Client SDK\ODBC\170\Tools\Binn\;W:\Hugo;C:\Program Files (x86)\Windows Kits\10\Debuggers\x64;C:\Program Files (x86)\Microsoft SQL Server\150\Tools\Binn\;C:\Program Files\Microsoft SQL Server\150\Tools\Binn\;C:\Program Files\Microsoft SQL Server\150\DTS\Binn\;C:\Program Files\Azure Data Studio - Insiders\bin;C:\Users\niels\AppData\Local\Microsoft\WindowsApps;C:\Users\niels\AppData\Local\Pandoc\;C:\Program Files\Azure Data Studio - Insiders\bin;C:\Program Files\Azure Data Studio - Insiders\bin;."/>
    <property name="java.vm.info" value="mixed mode, sharing"/>
    <property name="java.vendor" value="Oracle Corporation"/>
    <property name="java.vm.version" value="13+33"/>
    <property name="sun.io.unicode.encoding" value="UnicodeLittle"/>
    <property name="java.class.version" value="57.0"/>
  </properties>
  <testcase name="shouldAnswerWithTrue" classname="sql.AppTest" time="0.005"/>
</testsuite>